Determining if the pthread_create exist failed with the following output:
Change Dir: /home/henry/Documents/GitHub/ROS_ESP32_Integration/Host_Code/build/CMakeFiles/CMakeTmp

Run Build Command:"/usr/bin/make" "cmTC_9924e/fast"
/usr/bin/make -f CMakeFiles/cmTC_9924e.dir/build.make CMakeFiles/cmTC_9924e.dir/build
make[1]: Entering directory '/home/henry/Documents/GitHub/ROS_ESP32_Integration/Host_Code/build/CMakeFiles/CMakeTmp'
Building C object CMakeFiles/cmTC_9924e.dir/CheckSymbolExists.c.o
/usr/bin/cc     -o CMakeFiles/cmTC_9924e.dir/CheckSymbolExists.c.o   -c /home/henry/Documents/GitHub/ROS_ESP32_Integration/Host_Code/build/CMakeFiles/CMakeTmp/CheckSymbolExists.c
Linking C executable cmTC_9924e
/usr/bin/cmake -E cmake_link_script CMakeFiles/cmTC_9924e.dir/link.txt --verbose=1
/usr/bin/cc       CMakeFiles/cmTC_9924e.dir/CheckSymbolExists.c.o  -o cmTC_9924e -rdynamic 
CMakeFiles/cmTC_9924e.dir/CheckSymbolExists.c.o: In function `main':
CheckSymbolExists.c:(.text+0x16): undefined reference to `pthread_create'
collect2: error: ld returned 1 exit status
CMakeFiles/cmTC_9924e.dir/build.make:97: recipe for target 'cmTC_9924e' failed
make[1]: *** [cmTC_9924e] Error 1
make[1]: Leaving directory '/home/henry/Documents/GitHub/ROS_ESP32_Integration/Host_Code/build/CMakeFiles/CMakeTmp'
Makefile:126: recipe for target 'cmTC_9924e/fast' failed
make: *** [cmTC_9924e/fast] Error 2

File /home/henry/Documents/GitHub/ROS_ESP32_Integration/Host_Code/build/CMakeFiles/CMakeTmp/CheckSymbolExists.c:
/* */
#include <pthread.h>

int main(int argc, char** argv)
{
  (void)argv;
#ifndef pthread_create
  return ((int*)(&pthread_create))[argc];
#else
  (void)argc;
  return 0;
#endif
}

Determining if the function pthread_create exists in the pthreads failed with the following output:
Change Dir: /home/henry/Documents/GitHub/ROS_ESP32_Integration/Host_Code/build/CMakeFiles/CMakeTmp

Run Build Command:"/usr/bin/make" "cmTC_20930/fast"
/usr/bin/make -f CMakeFiles/cmTC_20930.dir/build.make CMakeFiles/cmTC_20930.dir/build
make[1]: Entering directory '/home/henry/Documents/GitHub/ROS_ESP32_Integration/Host_Code/build/CMakeFiles/CMakeTmp'
Building C object CMakeFiles/cmTC_20930.dir/CheckFunctionExists.c.o
/usr/bin/cc    -DCHECK_FUNCTION_EXISTS=pthread_create   -o CMakeFiles/cmTC_20930.dir/CheckFunctionExists.c.o   -c /usr/share/cmake-3.5/Modules/CheckFunctionExists.c
Linking C executable cmTC_20930
/usr/bin/cmake -E cmake_link_script CMakeFiles/cmTC_20930.dir/link.txt --verbose=1
/usr/bin/cc   -DCHECK_FUNCTION_EXISTS=pthread_create    CMakeFiles/cmTC_20930.dir/CheckFunctionExists.c.o  -o cmTC_20930 -rdynamic -lpthreads 
/usr/bin/ld: cannot find -lpthreads
collect2: error: ld returned 1 exit status
CMakeFiles/cmTC_20930.dir/build.make:97: recipe for target 'cmTC_20930' failed
make[1]: *** [cmTC_20930] Error 1
make[1]: Leaving directory '/home/henry/Documents/GitHub/ROS_ESP32_Integration/Host_Code/build/CMakeFiles/CMakeTmp'
Makefile:126: recipe for target 'cmTC_20930/fast' failed
make: *** [cmTC_20930/fast] Error 2


